<?xml version="1.0" encoding="UTF-8"?>
<!-- Generated by org.testng.reporters.JUnitXMLReporter -->
<testsuite ignored="0" hostname="DESKTOP-LB2VJ69" failures="0" tests="5" name="Default test" time="9.048" errors="0" timestamp="2022-10-09T00:02:02 IST">
  <testcase classname="tests.GiftcardPageTest" name="GiftcardsMenu" time="0.879"/>
  <testcase classname="tests.GiftcardPageTest" name="SortbyDropdown" time="0.245"/>
  <testcase classname="tests.GiftcardPageTest" name="Displayperpage" time="0.12"/>
  <testcase classname="tests.GiftcardPageTest" name="Viewas" time="0.189"/>
  <testcase classname="tests.GiftcardPageTest" name="VitualgiftcardProduct" time="1.894"/>
</testsuite> <!-- Default test -->
